<?xml version="1.0" encoding="UTF-8"?>
<!-- Generated by org.testng.reporters.JUnitReportReporter -->
<testsuite hostname="DESKTOP-J26FJE8" failures="0" tests="4" name="AutomationSelenium.AutomationMaven.LoginTest" time="17.459" errors="0" timestamp="2022-09-03T09:26:35 IST" skipped="1">
  <testcase classname="AutomationSelenium.AutomationMaven.LoginTest" name="Login" time="7.419"/>
  <system-out/>
  <testcase classname="AutomationSelenium.AutomationMaven.LoginTest" name="AddtoCart" time="5.114"/>
  <system-out/>
  <testcase classname="AutomationSelenium.AutomationMaven.LoginTest" name="PlaceOrder" time="4.926"/>
  <system-out/>
  <testcase classname="AutomationSelenium.AutomationMaven.LoginTest" name="SignUp">
    <skipped/>
  </testcase> <!-- SignUp -->
  <system-out/>
</testsuite> <!-- AutomationSelenium.AutomationMaven.LoginTest -->
